
> @roo-code/types@0.0.1 build H:\Project\AgentProject\packages\types
> tsup

[34mCLI[39m Building entry: src/index.ts
[34mCLI[39m Using tsconfig: tsconfig.json
[34mCLI[39m tsup v8.5.0
[34mCLI[39m Using tsup config: H:\Project\AgentProject\packages\types\tsup.config.ts
[34mCLI[39m Target: es2022
[34mCLI[39m Cleaning output folder
[34mCJS[39m Build start
[34mESM[39m Build start
[32mCJS[39m [1mdist\index.cjs     [22m[32m470.07 KB[39m
[32mCJS[39m [1mdist\index.cjs.map [22m[32m799.85 KB[39m
[32mCJS[39m ⚡️ Build success in 192ms
[32mESM[39m [1mdist\index.js     [22m[32m440.96 KB[39m
[32mESM[39m [1mdist\index.js.map [22m[32m797.91 KB[39m
[32mESM[39m ⚡️ Build success in 193ms
[34mDTS[39m Build start
[32mDTS[39m ⚡️ Build success in 8371ms
[32mDTS[39m [1mdist\index.d.cts [22m[32m1.65 MB[39m
[32mDTS[39m [1mdist\index.d.ts  [22m[32m1.65 MB[39m
