
> @roo-code/vscode-webview@0.0.1 build H:\Project\AgentProject\webview-ui
> tsc -b && vite build

[36mvite v8.0.14 [32mbuilding client environment for production...[36m[39m
[33m[plugin rolldown:vite-resolve] Module "path" has been externalized for browser compatibility, imported by "H:/Project/AgentProject/src/core/prompts/sections/custom-instructions.ts". See https://vite.dev/guide/troubleshooting.html#module-externalized-for-browser-compatibility for more details.[39m
[33m[plugin rolldown:vite-resolve] Module "fs/promises" has been externalized for browser compatibility, imported by "H:/Project/AgentProject/src/core/prompts/sections/custom-instructions.ts". See https://vite.dev/guide/troubleshooting.html#module-externalized-for-browser-compatibility for more details.[39m
[33m[plugin rolldown:vite-resolve] Module "fs/promises" has been externalized for browser compatibility, imported by "H:/Project/AgentProject/src/services/roo-config/index.ts". See https://vite.dev/guide/troubleshooting.html#module-externalized-for-browser-compatibility for more details.[39m
[33m[plugin rolldown:vite-resolve] Module "path" has been externalized for browser compatibility, imported by "H:/Project/AgentProject/src/services/roo-config/index.ts". See https://vite.dev/guide/troubleshooting.html#module-externalized-for-browser-compatibility for more details.[39m
[33m[plugin rolldown:vite-resolve] Module "os" has been externalized for browser compatibility, imported by "H:/Project/AgentProject/src/services/roo-config/index.ts". See https://vite.dev/guide/troubleshooting.html#module-externalized-for-browser-compatibility for more details.[39m
[33m[plugin rolldown:vite-resolve] Module "path" has been externalized for browser compatibility, imported by "H:/Project/AgentProject/src/services/search/file-search.ts". See https://vite.dev/guide/troubleshooting.html#module-externalized-for-browser-compatibility for more details.[39m
[33m[plugin rolldown:vite-resolve] Module "child_process" has been externalized for browser compatibility, imported by "H:/Project/AgentProject/src/services/search/file-search.ts". See https://vite.dev/guide/troubleshooting.html#module-externalized-for-browser-compatibility for more details.[39m
[33m[plugin rolldown:vite-resolve] Module "fs" has been externalized for browser compatibility, imported by "H:/Project/AgentProject/src/services/search/file-search.ts". See https://vite.dev/guide/troubleshooting.html#module-externalized-for-browser-compatibility for more details.[39m
[33m[plugin rolldown:vite-resolve] Module "readline" has been externalized for browser compatibility, imported by "H:/Project/AgentProject/src/services/search/file-search.ts". See https://vite.dev/guide/troubleshooting.html#module-externalized-for-browser-compatibility for more details.[39m
[33m[plugin rolldown:vite-resolve] Module "path" has been externalized for browser compatibility, imported by "H:/Project/AgentProject/src/services/ripgrep/index.ts". See https://vite.dev/guide/troubleshooting.html#module-externalized-for-browser-compatibility for more details.[39m
[33m[plugin rolldown:vite-resolve] Module "readline" has been externalized for browser compatibility, imported by "H:/Project/AgentProject/src/services/ripgrep/index.ts". See https://vite.dev/guide/troubleshooting.html#module-externalized-for-browser-compatibility for more details.[39m
[33m[plugin rolldown:vite-resolve] Module "child_process" has been externalized for browser compatibility, imported by "H:/Project/AgentProject/src/services/ripgrep/index.ts". See https://vite.dev/guide/troubleshooting.html#module-externalized-for-browser-compatibility for more details.[39m
[33m[plugin rolldown:vite-resolve] Module "path" has been externalized for browser compatibility, imported by "H:/Project/AgentProject/src/utils/fs.ts". See https://vite.dev/guide/troubleshooting.html#module-externalized-for-browser-compatibility for more details.[39m
[33m[plugin rolldown:vite-resolve] Module "fs/promises" has been externalized for browser compatibility, imported by "H:/Project/AgentProject/src/utils/fs.ts". See https://vite.dev/guide/troubleshooting.html#module-externalized-for-browser-compatibility for more details.[39m
[2Ktransforming...✓ 6077 modules transformed.
rendering chunks...
../src/webview-ui/build/index.html                                           0.37 kB
../src/webview-ui/build/assets/fonts/KaTeX_Size3-Regular.woff                4.42 kB
../src/webview-ui/build/assets/fonts/KaTeX_Size4-Regular.woff2               4.92 kB
../src/webview-ui/build/assets/fonts/KaTeX_Size2-Regular.woff2               5.20 kB
../src/webview-ui/build/assets/fonts/KaTeX_Size1-Regular.woff2               5.46 kB
../src/webview-ui/build/assets/fonts/KaTeX_Size4-Regular.woff                5.98 kB
../src/webview-ui/build/assets/fonts/KaTeX_Size2-Regular.woff                6.18 kB
../src/webview-ui/build/assets/fonts/KaTeX_Size1-Regular.woff                6.49 kB
../src/webview-ui/build/assets/fonts/KaTeX_Caligraphic-Regular.woff2         6.90 kB
../src/webview-ui/build/assets/fonts/KaTeX_Caligraphic-Bold.woff2            6.91 kB
../src/webview-ui/build/assets/fonts/KaTeX_Size3-Regular.ttf                 7.58 kB
../src/webview-ui/build/assets/fonts/KaTeX_Caligraphic-Regular.woff          7.65 kB
../src/webview-ui/build/assets/fonts/KaTeX_Caligraphic-Bold.woff             7.71 kB
../src/webview-ui/build/assets/fonts/KaTeX_Script-Regular.woff2              9.64 kB
../src/webview-ui/build/assets/fonts/KaTeX_SansSerif-Regular.woff2          10.34 kB
../src/webview-ui/build/assets/fonts/KaTeX_Size4-Regular.ttf                10.36 kB
../src/webview-ui/build/assets/fonts/KaTeX_Script-Regular.woff              10.58 kB
../src/webview-ui/build/assets/fonts/KaTeX_Fraktur-Regular.woff2            11.31 kB
[33m[33m[PLUGIN_TIMINGS] [0mYour build spent significant time in plugins. Here is a breakdown:
../src/webview-ui/build/assets/fonts/KaTeX_Fraktur-Bold.woff2               11.34 kB
../src/webview-ui/build/assets/fonts/KaTeX_Size2-Regular.ttf                11.50 kB
  - wasm (74%)
  - @tailwindcss/vite:generate:build (19%)
../src/webview-ui/build/assets/fonts/KaTeX_SansSerif-Italic.woff2           12.02 kB
../src/webview-ui/build/assets/fonts/KaTeX_SansSerif-Bold.woff2             12.21 kB
  - vite:react-babel (5%)
../src/webview-ui/build/assets/fonts/KaTeX_Size1-Regular.ttf                12.22 kB
See https://rolldown.rs/options/checks#plugintimings for more details.
../src/webview-ui/build/assets/fonts/KaTeX_SansSerif-Regular.woff           12.31 kB
../src/webview-ui/build/assets/fonts/KaTeX_Caligraphic-Regular.ttf          12.34 kB
../src/webview-ui/build/assets/fonts/KaTeX_Caligraphic-Bold.ttf             12.36 kB
../src/webview-ui/build/assets/fonts/KaTeX_Fraktur-Regular.woff             13.20 kB
[39m
../src/webview-ui/build/assets/fonts/KaTeX_Fraktur-Bold.woff                13.29 kB
../src/webview-ui/build/assets/fonts/KaTeX_Typewriter-Regular.woff2         13.56 kB
[33m[plugin builtin:vite-reporter] 
../src/webview-ui/build/assets/fonts/KaTeX_SansSerif-Italic.woff            14.11 kB
../src/webview-ui/build/assets/fonts/KaTeX_SansSerif-Bold.woff              14.40 kB
../src/webview-ui/build/assets/fonts/KaTeX_Typewriter-Regular.woff          16.02 kB
../src/webview-ui/build/assets/fonts/KaTeX_Math-BoldItalic.woff2            16.40 kB
(!) Some chunks are larger than 500 kB after minification. Consider:
../src/webview-ui/build/assets/fonts/KaTeX_Math-Italic.woff2                16.44 kB
- Using dynamic import() to code-split the application
../src/webview-ui/build/assets/fonts/KaTeX_Script-Regular.ttf               16.64 kB
../src/webview-ui/build/assets/fonts/KaTeX_Main-BoldItalic.woff2            16.78 kB
../src/webview-ui/build/assets/fonts/KaTeX_Main-Italic.woff2                16.98 kB
../src/webview-ui/build/assets/fonts/KaTeX_Math-BoldItalic.woff             18.66 kB
../src/webview-ui/build/assets/fonts/KaTeX_Math-Italic.woff                 18.74 kB
../src/webview-ui/build/assets/fonts/KaTeX_Main-BoldItalic.woff             19.41 kB
../src/webview-ui/build/assets/fonts/KaTeX_SansSerif-Regular.ttf            19.43 kB
../src/webview-ui/build/assets/fonts/KaTeX_Fraktur-Regular.ttf              19.57 kB
../src/webview-ui/build/assets/fonts/KaTeX_Fraktur-Bold.ttf                 19.58 kB
../src/webview-ui/build/assets/fonts/KaTeX_Main-Italic.woff                 19.67 kB
../src/webview-ui/build/assets/fonts/KaTeX_SansSerif-Italic.ttf             22.36 kB
../src/webview-ui/build/assets/fonts/KaTeX_SansSerif-Bold.ttf               24.50 kB
../src/webview-ui/build/assets/fonts/KaTeX_Main-Bold.woff2                  25.32 kB
../src/webview-ui/build/assets/fonts/KaTeX_Main-Regular.woff2               26.27 kB
- Use build.rolldownOptions.output.codeSplitting to improve chunking: https://rolldown.rs/reference/OutputOptions.codeSplitting
- Adjust chunk size limit for this warning via build.chunkSizeWarningLimit.[39m
../src/webview-ui/build/assets/fonts/KaTeX_Typewriter-Regular.ttf           27.55 kB
../src/webview-ui/build/assets/fonts/KaTeX_AMS-Regular.woff2                28.07 kB
../src/webview-ui/build/assets/fonts/KaTeX_Main-Bold.woff                   29.91 kB
../src/webview-ui/build/assets/fonts/KaTeX_Main-Regular.woff                30.77 kB
../src/webview-ui/build/assets/fonts/KaTeX_Math-BoldItalic.ttf              31.19 kB
../src/webview-ui/build/assets/fonts/KaTeX_Math-Italic.ttf                  31.30 kB
../src/webview-ui/build/assets/fonts/KaTeX_Main-BoldItalic.ttf              32.96 kB
../src/webview-ui/build/assets/fonts/KaTeX_AMS-Regular.woff                 33.51 kB
../src/webview-ui/build/assets/fonts/KaTeX_Main-Italic.ttf                  33.58 kB
../src/webview-ui/build/assets/fonts/KaTeX_Main-Bold.ttf                    51.33 kB
../src/webview-ui/build/assets/fonts/KaTeX_Main-Regular.ttf                 53.58 kB
../src/webview-ui/build/assets/fonts/KaTeX_AMS-Regular.ttf                  63.63 kB
../src/webview-ui/build/assets/fonts/codicon.ttf                            80.18 kB
../src/webview-ui/build/assets/index.css                                   137.16 kB
../src/webview-ui/build/assets/pie-LRSECV5Y-bW1AUZYi.js                      0.08 kB
../src/webview-ui/build/assets/info-J43DQDTF-Do3xJ_Fa.js                     0.08 kB
../src/webview-ui/build/assets/radar-GUYGQ44K-BoA1Kgol.js                    0.08 kB
../src/webview-ui/build/assets/packet-YPE3B663-CC3wTs5N.js                   0.08 kB
../src/webview-ui/build/assets/treemap-LRROVOQU-DatSfW4l.js                  0.08 kB
../src/webview-ui/build/assets/wardley-L42UT6IY-BhDKUEBk.js                  0.08 kB
../src/webview-ui/build/assets/gitGraph-WXDBUCRP-CUuTtUCi.js                 0.09 kB
../src/webview-ui/build/assets/treeView-BLDUP644-HOknJ47b.js                 0.09 kB
../src/webview-ui/build/assets/architecture-7EHR7CIX-DtRdCxez.js             0.09 kB
../src/webview-ui/build/assets/eventmodeling-FCH6USID-BLv6rD8A.js            0.09 kB
../src/webview-ui/build/assets/channel-CUe580UV.js                           0.14 kB │ map:      0.52 kB
../src/webview-ui/build/assets/init-D6jRqBbL.js                              0.18 kB │ map:      1.04 kB
../src/webview-ui/build/assets/chunk-QZHKN3VN-D1r_H0IV.js                    0.22 kB │ map:      0.83 kB
../src/webview-ui/build/assets/chunk-4BX2VUAB-DfjyfPL-.js                    0.25 kB │ map:      0.84 kB
../src/webview-ui/build/assets/chunk-55IACEB6-D3PhTl3D.js                    0.26 kB │ map:      1.01 kB
../src/webview-ui/build/assets/stateDiagram-v2-BHNVJYJU-8yBjAm8m.js          0.39 kB │ map:      1.43 kB
../src/webview-ui/build/assets/chunk-FMBD7UC4-DWchuYSD.js                    0.39 kB │ map:      0.77 kB
../src/webview-ui/build/assets/classDiagram-4FO5ZUOK-Ca-tAjHs.js             0.46 kB │ map:      1.48 kB
../src/webview-ui/build/assets/classDiagram-v2-Q7XG4LA2-Ca-tAjHs.js          0.46 kB │ map:      1.49 kB
../src/webview-ui/build/assets/chunk-2J33WTMH-E08jSFVY.js                    0.53 kB │ map:      2.04 kB
../src/webview-ui/build/assets/infoDiagram-5YYISTIA-BVV_tWgA.js              0.58 kB │ map:      2.03 kB
../src/webview-ui/build/assets/codeowners-C8r90Shi.js                        0.58 kB │ map:      1.08 kB
../src/webview-ui/build/assets/shellsession-od0xVpVw.js                      0.76 kB │ map:      1.32 kB
../src/webview-ui/build/assets/tsv-sltzmVWM.js                               0.77 kB │ map:      1.37 kB
../src/webview-ui/build/assets/html-derivative-CRzsB4iv.js                   0.94 kB │ map:      1.41 kB
../src/webview-ui/build/assets/git-rebase-BGQGoB93.js                        1.03 kB │ map:      1.67 kB
../src/webview-ui/build/assets/qmldir-DCQb3MpD.js                            1.03 kB │ map:      1.73 kB
../src/webview-ui/build/assets/fortran-fixed-form-BJLMMyj_.js                1.15 kB │ map:      1.94 kB
../src/webview-ui/build/assets/csv-Dx-8-gkx.js                               1.17 kB │ map:      1.99 kB
../src/webview-ui/build/assets/ordinal-hYBb2elL.js                           1.21 kB │ map:      4.81 kB
../src/webview-ui/build/assets/git-commit-BSykSTBG.js                        1.27 kB │ map:      2.03 kB
../src/webview-ui/build/assets/xsl-1lk-Nk0c.js                               1.40 kB │ map:      2.18 kB
../src/webview-ui/build/assets/dotenv-_5a1GRtc.js                            1.45 kB │ map:      2.33 kB
../src/webview-ui/build/assets/sparql-D_iOobhT.js                            1.52 kB │ map:      2.10 kB
../src/webview-ui/build/assets/ini-B5eOa1yu.js                               1.55 kB │ map:      2.47 kB
../src/webview-ui/build/assets/docker-IyjqRm3v.js                            1.77 kB │ map:      2.64 kB
../src/webview-ui/build/assets/hxml-DpHCt3Xd.js                              1.78 kB │ map:      2.47 kB
../src/webview-ui/build/assets/desktop-Dlh5hvp9.js                           1.87 kB │ map:      2.75 kB
../src/webview-ui/build/assets/chunk-ND2GUHAM-C-FZa9dg.js                    1.90 kB │ map:      6.47 kB
../src/webview-ui/build/assets/erb-xBkmDnGP.js                               2.17 kB │ map:      3.29 kB
../src/webview-ui/build/assets/wenyan-C8pVoKbM.js                            2.19 kB │ map:      3.18 kB
../src/webview-ui/build/assets/jssm-DXw9l8Rf.js                              2.27 kB │ map:      3.39 kB
../src/webview-ui/build/assets/edge-BPk86sVH.js                              2.35 kB │ map:      3.55 kB
../src/webview-ui/build/assets/reg-CRGYupPL.js                               2.37 kB │ map:      3.51 kB
../src/webview-ui/build/assets/berry-jid5E5RX.js                             2.39 kB │ map:      3.82 kB
../src/webview-ui/build/assets/diff-woXpYk--.js                              2.60 kB │ map:      3.86 kB
../src/webview-ui/build/assets/gleam-CSRkHgEL.js                             2.61 kB │ map:      3.99 kB
../src/webview-ui/build/assets/hy-CZbG8q4J.js                                2.68 kB │ map:      3.69 kB
../src/webview-ui/build/assets/diagram-5GNKFQAL-B5EsunnH.js                  2.72 kB │ map:      9.08 kB
../src/webview-ui/build/assets/log-DYQWOg_W.js                               2.87 kB │ map:      4.34 kB
../src/webview-ui/build/assets/json-DiyxZGqm.js                              2.91 kB │ map:      4.31 kB
../src/webview-ui/build/assets/cairo-DLTphjLi.js                             2.97 kB │ map:      4.53 kB
../src/webview-ui/build/assets/jsonl-CmCQp5Yx.js                             3.04 kB │ map:      4.50 kB
../src/webview-ui/build/assets/jsonc-CYpm1nAK.js                             3.14 kB │ map:      4.60 kB
../src/webview-ui/build/assets/logo-Cluzi2Zq.js                              3.16 kB │ map:      3.81 kB
../src/webview-ui/build/assets/po-BiJDBrnU.js                                3.27 kB │ map:      5.08 kB
../src/webview-ui/build/assets/json5-BR5RXkoi.js                             3.29 kB │ map:      4.95 kB
../src/webview-ui/build/assets/mipsasm-BMqwQI7S.js                           3.29 kB │ map:      4.67 kB
../src/webview-ui/build/assets/tasl-DMoTqEGO.js                              3.32 kB │ map:      5.12 kB
../src/webview-ui/build/assets/genie-CV2tkWYe.js                             3.39 kB │ map:      4.86 kB
../src/webview-ui/build/assets/rel-BtDbiS_P.js                               3.40 kB │ map:      4.87 kB
../src/webview-ui/build/assets/vala-zf12oZj6.js                              3.40 kB │ map:      4.89 kB
../src/webview-ui/build/assets/splunk-BC2Px7Mm.js                            3.47 kB │ map:      4.44 kB
../src/webview-ui/build/assets/arc-2__Qw4K2.js                               3.49 kB │ map:     15.29 kB
../src/webview-ui/build/assets/fluent-C03EYrpw.js                            3.64 kB │ map:      5.20 kB
../src/webview-ui/build/assets/jsonnet-CJTPZ8u_.js                           3.65 kB │ map:      5.41 kB
../src/webview-ui/build/assets/ssh-config-BgfXC-Er.js                        3.65 kB │ map:      4.48 kB
../src/webview-ui/build/assets/narrat-_X_XdTYD.js                            3.70 kB │ map:      5.42 kB
../src/webview-ui/build/assets/glsl-1_vOYCHu.js                              3.72 kB │ map:      4.37 kB
../src/webview-ui/build/assets/turtle-ByJddavk.js                            3.73 kB │ map:      5.49 kB
../src/webview-ui/build/assets/zenscript-BnlCZFoB.js                         3.95 kB │ map:      5.75 kB
../src/webview-ui/build/assets/nextflow-DdtV05Iq.js                          3.97 kB │ map:      5.93 kB
../src/webview-ui/build/assets/lean-eLeUYytH.js                              4.13 kB │ map:      6.06 kB
../src/webview-ui/build/assets/diagram-LMA3HP47-BDp__7F-.js                  4.17 kB │ map:     12.19 kB
../src/webview-ui/build/assets/pascal-4ZHwLPI5.js                            4.18 kB │ map:      5.53 kB
../src/webview-ui/build/assets/fish-D_7hXPPf.js                              4.21 kB │ map:      5.69 kB
../src/webview-ui/build/assets/bicep-CBtovdkV.js                             4.34 kB │ map:      6.41 kB
../src/webview-ui/build/assets/http-CFoNP6mj.js                              4.45 kB │ map:      6.69 kB
../src/webview-ui/build/assets/tcl-CZd0xW_V.js                               4.46 kB │ map:      6.48 kB
../src/webview-ui/build/assets/defaultLocale-C8Fc0cco.js                     4.69 kB │ map:     21.20 kB
../src/webview-ui/build/assets/polar-C7UOKdEL.js                             4.70 kB │ map:      7.25 kB
../src/webview-ui/build/assets/sdbl-bTVj8UrX.js                              4.73 kB │ map:      5.89 kB
../src/webview-ui/build/assets/fennel-DQxkIbk2.js                            4.80 kB │ map:      6.42 kB
../src/webview-ui/build/assets/bibtex-Ci_nEsc7.js                            4.83 kB │ map:      7.02 kB
../src/webview-ui/build/assets/llvm-DwarZtGh.js                              5.05 kB │ map:      6.64 kB
../src/webview-ui/build/assets/pieDiagram-4H26LBE5-z-Y3p0xp.js               5.07 kB │ map:     17.03 kB
../src/webview-ui/build/assets/wgsl-BsKzXJz4.js                              5.17 kB │ map:      7.50 kB
../src/webview-ui/build/assets/gdresource-B2bHe7-M.js                        5.30 kB │ map:      7.70 kB
../src/webview-ui/build/assets/qml-DHCngaGi.js                               5.37 kB │ map:      8.13 kB
../src/webview-ui/build/assets/dax-BkyTk9wS.js                               5.39 kB │ map:      6.76 kB
../src/webview-ui/build/assets/zig-CFukrmCJ.js                               5.40 kB │ map:      7.89 kB
../src/webview-ui/build/assets/xml-B0OgXYtF.js                               5.47 kB │ map:      7.84 kB
../src/webview-ui/build/assets/awk-BWXHIvNe.js                               5.49 kB │ map:      7.99 kB
../src/webview-ui/build/assets/coq-Cih0jbrv.js                               5.55 kB │ map:      7.48 kB
../src/webview-ui/build/assets/linear-B7UXpq0j.js                            5.57 kB │ map:     25.85 kB
../src/webview-ui/build/assets/jinja-C3S6P7Ss.js                             5.67 kB │ map:      8.50 kB
../src/webview-ui/build/assets/diagram-2AECGRRQ-DKHFNBt8.js                  5.70 kB │ map:     18.34 kB
../src/webview-ui/build/assets/powerquery-DNMTfnFr.js                        5.94 kB │ map:      8.51 kB
../src/webview-ui/build/assets/shaderlab-TOUzSsQk.js                         5.96 kB │ map:      7.69 kB
../src/webview-ui/build/assets/verilog-CiiDBU1e.js                           5.96 kB │ map:      8.02 kB
../src/webview-ui/build/assets/cypher-ClKdZ_lG.js                            5.99 kB │ map:      8.43 kB
../src/webview-ui/build/assets/vb-Djn5o6TS.js                                6.12 kB │ map:      8.04 kB
../src/webview-ui/build/assets/red-CJ3rzSJv.js                               6.30 kB │ map:      8.88 kB
../src/webview-ui/build/assets/min-dark-BSWPekZh.js                          6.33 kB │ map:      8.62 kB
../src/webview-ui/build/assets/gdshader-CBce3t8t.js                          6.36 kB │ map:      9.18 kB
../src/webview-ui/build/assets/prisma-BsRQq5mF.js                            6.36 kB │ map:      9.27 kB
../src/webview-ui/build/assets/ara-4CJ0cIlV.js                               6.39 kB │ map:      9.25 kB
../src/webview-ui/build/assets/clojure-DqKBuwfJ.js                           6.45 kB │ map:      9.28 kB
../src/webview-ui/build/assets/postcss-BXeXVLqQ.js                           6.45 kB │ map:      9.11 kB
../src/webview-ui/build/assets/toml-CcmNWLt0.js                              6.46 kB │ map:      9.47 kB
../src/webview-ui/build/assets/solarized-light-DSh2HLQt.js                   6.53 kB │ map:      9.23 kB
../src/webview-ui/build/assets/proto-9sO0eQ3y.js                             6.55 kB │ map:      9.86 kB
../src/webview-ui/build/assets/smalltalk-B16xEiuN.js                         6.62 kB │ map:      9.24 kB
../src/webview-ui/build/assets/talonscript-CohzipZa.js                       6.79 kB │ map:     10.07 kB
../src/webview-ui/build/assets/solarized-dark-DV17i1UV.js                    6.89 kB │ map:      9.69 kB
../src/webview-ui/build/assets/riscv-Ckw8ddFX.js                             6.95 kB │ map:      9.59 kB
../src/webview-ui/build/assets/soy-CI8R0oNk.js                               6.96 kB │ map:     10.71 kB
../src/webview-ui/build/assets/min-light-DDpmG2fV.js                         7.01 kB │ map:      9.54 kB
../src/webview-ui/build/assets/scheme-DQCgrYNe.js                            7.20 kB │ map:      9.79 kB
../src/webview-ui/build/assets/hlsl-Cvrh5tZx.js                              7.29 kB │ map:      9.24 kB
../src/webview-ui/build/assets/qss-Fe1Jh2GI.js                               7.50 kB │ map:      9.40 kB
../src/webview-ui/build/assets/dart-DkHntEIa.js                              7.84 kB │ map:     11.52 kB
../src/webview-ui/build/assets/systemd-BxMlprV5.js                           7.90 kB │ map:     10.63 kB
../src/webview-ui/build/assets/monokai-CdkpiU2Y.js                           7.92 kB │ map:     11.11 kB
../src/webview-ui/build/assets/regexp-DByOloga.js                            8.07 kB │ map:     11.18 kB
../src/webview-ui/build/assets/haml-DlK4iLvd.js                              8.36 kB │ map:     12.36 kB
../src/webview-ui/build/assets/typst-DI99ib-x.js                             8.42 kB │ map:     12.30 kB
../src/webview-ui/build/assets/plsql-DGHpHOYJ.js                             8.54 kB │ map:     10.89 kB
../src/webview-ui/build/assets/vue-html-BHw4AnAx.js                          8.56 kB │ map:     12.05 kB
../src/webview-ui/build/assets/kotlin-DhhofPvG.js                            8.82 kB │ map:     12.78 kB
../src/webview-ui/build/assets/andromeeda-JjuYFqoF.js                        8.90 kB │ map:     11.76 kB
../src/webview-ui/build/assets/ts-tags-BIqXvzke.js                           8.96 kB │ map:     14.58 kB
../src/webview-ui/build/assets/make-Dixweg8N.js                              8.99 kB │ map:     12.86 kB
../src/webview-ui/build/assets/sas-D81atSZL.js                               9.10 kB │ map:     11.11 kB
../src/webview-ui/build/assets/dark-plus-Cs2F2srj.js                         9.14 kB │ map:     12.43 kB
../src/webview-ui/build/assets/slack-dark-DnToyrRv.js                        9.16 kB │ map:     12.52 kB
../src/webview-ui/build/assets/sass-DXrisJhu.js                              9.32 kB │ map:     13.41 kB
../src/webview-ui/build/assets/plastic-DQwYfKfQ.js                           9.33 kB │ map:     12.49 kB
../src/webview-ui/build/assets/slack-ochin-B2OO5cIa.js                       9.47 kB │ map:     13.11 kB
../src/webview-ui/build/assets/tex-NWWE7wh_.js                               9.56 kB │ map:     12.20 kB
../src/webview-ui/build/assets/jison-CPsJYWww.js                             9.73 kB │ map:     14.10 kB
../src/webview-ui/build/assets/cmake-Bj61d0ZC.js                             9.89 kB │ map:     11.26 kB
../src/webview-ui/build/assets/light-plus-DVQuIRkW.js                        9.98 kB │ map:     13.42 kB
../src/webview-ui/build/assets/hcl-Dh228itO.js                              10.08 kB │ map:     14.79 kB
../src/webview-ui/build/assets/beancount-CtyyOUlT.js                        10.17 kB │ map:     14.71 kB
../src/webview-ui/build/assets/stateDiagram-AJRCARHV-Crp3R4Un.js            10.21 kB │ map:     33.37 kB
../src/webview-ui/build/assets/rst-e7cqBOJH.js                              10.35 kB │ map:     15.57 kB
../src/webview-ui/build/assets/raku-B3gFvitq.js                             10.50 kB │ map:     12.91 kB
../src/webview-ui/build/assets/dream-maker-DW3nJb8Q.js                      10.51 kB │ map:     15.11 kB
../src/webview-ui/build/assets/cadence-CHGcLQCo.js                          10.54 kB │ map:     15.16 kB
../src/webview-ui/build/assets/diagram-KO2AKTUF-BuZUjKSa.js                 10.56 kB │ map:     34.97 kB
../src/webview-ui/build/assets/yaml-DxoKhhgK.js                             10.59 kB │ map:     14.89 kB
../src/webview-ui/build/assets/dagre-BM42HDAG-DmAAULwd.js                   10.98 kB │ map:     44.04 kB
../src/webview-ui/build/assets/elm-BrQ7dDtz.js                              10.98 kB │ map:     16.03 kB
../src/webview-ui/build/assets/github-light-EUqPIrTm.js                     11.23 kB │ map:     15.42 kB
../src/webview-ui/build/assets/prolog-iXnhIJG7.js                           11.39 kB │ map:     13.30 kB
../src/webview-ui/build/assets/terraform-DswuEJGm.js                        11.42 kB │ map:     16.22 kB
../src/webview-ui/build/assets/github-dark-C-LZuMrd.js                      11.45 kB │ map:     15.69 kB
../src/webview-ui/build/assets/puppet-CDv2pdJW.js                           11.47 kB │ map:     16.32 kB
../src/webview-ui/build/assets/laserwave-C_8bwKvT.js                        11.54 kB │ map:     14.71 kB
../src/webview-ui/build/assets/gherkin-DExj1W_8.js                          11.98 kB │ map:     13.12 kB
../src/webview-ui/build/assets/wasm-ByWQv1Qj.js                             12.04 kB │ map:     16.84 kB
../src/webview-ui/build/assets/hjson-CxZEssPk.js                            12.08 kB │ map:     17.29 kB
../src/webview-ui/build/assets/handlebars-Dimeqo56.js                       12.21 kB │ map:     17.37 kB
../src/webview-ui/build/assets/apache-U0d_L8uA.js                           12.49 kB │ map:     15.95 kB
../src/webview-ui/build/assets/luau-hWMV1DH1.js                             12.72 kB │ map:     17.86 kB
../src/webview-ui/build/assets/vesper-D5bVUKB1.js                           12.73 kB │ map:     16.17 kB
../src/webview-ui/build/assets/bat-Bo4NYOV-.js                              12.92 kB │ map:     17.39 kB
../src/webview-ui/build/assets/v-JFmfm3O8.js                                13.26 kB │ map:     19.29 kB
../src/webview-ui/build/assets/vitesse-light-VbXTXTou.js                    13.66 kB │ map:     18.55 kB
../src/webview-ui/build/assets/aurora-x-CDeNXAV0.js                         13.70 kB │ map:     17.58 kB
../src/webview-ui/build/assets/vitesse-black-fwtXNY1n.js                    13.72 kB │ map:     18.64 kB
../src/webview-ui/build/assets/vitesse-dark-BZCL-v6S.js                     13.80 kB │ map:     18.72 kB
../src/webview-ui/build/assets/pug-Dgep0vgm.js                              13.89 kB │ map:     20.51 kB
../src/webview-ui/build/assets/synthwave-84-nFMaYfgc.js                     14.08 kB │ map:     19.10 kB
../src/webview-ui/build/assets/actionscript-3-CzQY2Bug.js                   14.09 kB │ map:     19.83 kB
../src/webview-ui/build/assets/clarity-CsS_fbDh.js                          14.13 kB │ map:     19.75 kB
../src/webview-ui/build/assets/github-light-default-BXViO-2h.js             14.21 kB │ map:     19.28 kB
../src/webview-ui/build/assets/github-light-high-contrast-B68TUdTA.js       14.33 kB │ map:     19.45 kB
../src/webview-ui/build/assets/github-dark-dimmed-Bx1FflLF.js               14.48 kB │ map:     19.65 kB
../src/webview-ui/build/assets/github-dark-default-DXG-b-1a.js              14.48 kB │ map:     19.65 kB
../src/webview-ui/build/assets/github-dark-high-contrast-B_tTalzw.js        14.65 kB │ map:     19.88 kB
../src/webview-ui/build/assets/nix-DWzWkJdQ.js                              14.78 kB │ map:     21.53 kB
../src/webview-ui/build/assets/gnuplot-7GGW24-e.js                          14.82 kB │ map:     20.82 kB
../src/webview-ui/build/assets/ayu-dark-CXHoNUfW.js                         14.99 kB │ map:     20.28 kB
../src/webview-ui/build/assets/rust-Cfkwpbl8.js                             15.10 kB │ map:     21.46 kB
../src/webview-ui/build/assets/kusto-DZOoy8cc.js                            15.20 kB │ map:     19.61 kB
../src/webview-ui/build/assets/lua-BXBpirBI.js                              15.29 kB │ map:     21.64 kB
../src/webview-ui/build/assets/diagram-OG6HWLK6-a4PylLct.js                 15.41 kB │ map:     56.67 kB
../src/webview-ui/build/assets/abap-CLvhMVsD.js                             15.88 kB │ map:     18.84 kB
../src/webview-ui/build/assets/matlab-D7qyCx1q.js                           16.12 kB │ map:     23.36 kB
../src/webview-ui/build/assets/cue-CE9AQfxI.js                              16.23 kB │ map:     23.79 kB
../src/webview-ui/build/assets/solidity-DawnnwS6.js                         16.27 kB │ map:     23.67 kB
../src/webview-ui/build/assets/elixir-jQ0r55H2.js                           16.30 kB │ map:     23.14 kB
../src/webview-ui/build/assets/marko-Bcur3Lds.js                            16.77 kB │ map:     24.03 kB
../src/webview-ui/build/assets/svelte-CD2dAa_9.js                           17.01 kB │ map:     23.89 kB
../src/webview-ui/build/assets/move-D_ePOkKW.js                             17.10 kB │ map:     25.62 kB
../src/webview-ui/build/assets/kanagawa-wave-CTweb8Dz.js                    17.17 kB │ map:     22.28 kB
../src/webview-ui/build/assets/kanagawa-lotus-BN08jTvb.js                   17.17 kB │ map:     22.28 kB
../src/webview-ui/build/assets/kanagawa-dragon-CXtmUGW6.js                  17.17 kB │ map:     22.29 kB
../src/webview-ui/build/assets/ishikawaDiagram-YF4QCWOH-DG6ysAcH.js         17.21 kB │ map:     58.40 kB
../src/webview-ui/build/assets/liquid-BSS0dpoc.js                           17.77 kB │ map:     24.75 kB
../src/webview-ui/build/assets/graphql-Bv6jnFHP.js                          18.11 kB │ map:     25.45 kB
../src/webview-ui/build/assets/material-theme-Bm3Qr25_.js                   18.66 kB │ map:     24.12 kB
../src/webview-ui/build/assets/material-theme-ocean-CHQ94UKr.js             18.68 kB │ map:     24.15 kB
../src/webview-ui/build/assets/material-theme-darker-2IIEA8gg.js            18.68 kB │ map:     24.16 kB
../src/webview-ui/build/assets/material-theme-lighter-uhdI0v04.js           18.69 kB │ map:     24.16 kB
../src/webview-ui/build/assets/material-theme-palenight-B5W6OYN7.js         18.69 kB │ map:     24.17 kB
../src/webview-ui/build/assets/gdscript-D-mpw4AE.js                         18.87 kB │ map:     26.08 kB
../src/webview-ui/build/assets/groovy-CacY0gHj.js                           19.21 kB │ map:     27.52 kB
../src/webview-ui/build/assets/mdc-CcbB0KnY.js                              19.59 kB │ map:     23.09 kB
../src/webview-ui/build/assets/nushell-wUS1a9PE.js                          19.84 kB │ map:     27.01 kB
../src/webview-ui/build/assets/kanban-definition-UN3LZRKU-BkWELgGP.js       19.97 kB │ map:     64.06 kB
../src/webview-ui/build/assets/glimmer-js-iKUrBJlU.js                       20.13 kB │ map:     28.59 kB
../src/webview-ui/build/assets/glimmer-ts-BhtQ4w4U.js                       20.13 kB │ map:     28.59 kB
../src/webview-ui/build/assets/powershell-DshXNtvi.js                       20.19 kB │ map:     26.59 kB
../src/webview-ui/build/assets/viml-DvXPmvsu.js                             20.40 kB │ map:     23.50 kB
../src/webview-ui/build/assets/snazzy-light-4G7pJPwS.js                     20.82 kB │ map:     28.01 kB
../src/webview-ui/build/assets/twig-BgEB2bls.js                             20.94 kB │ map:     29.22 kB
../src/webview-ui/build/assets/dracula-BHWKrbxM.js                          21.10 kB │ map:     27.50 kB
../src/webview-ui/build/assets/dracula-soft-5eyTD99u.js                     21.12 kB │ map:     27.52 kB
../src/webview-ui/build/assets/vue-8zp4q8HX.js                              21.15 kB │ map:     31.75 kB
../src/webview-ui/build/assets/wit-DdvCle-K.js                              21.50 kB │ map:     30.10 kB
../src/webview-ui/build/assets/rose-pine-CtiaJAjZ.js                        21.78 kB │ map:     28.77 kB
../src/webview-ui/build/assets/rose-pine-moon-C94p5VwC.js                   21.80 kB │ map:     28.80 kB
../src/webview-ui/build/assets/rose-pine-dawn-6gSzoyYH.js                   21.80 kB │ map:     28.80 kB
../src/webview-ui/build/assets/gruvbox-dark-hard-CIuQAOr6.js                21.90 kB │ map:     29.51 kB
../src/webview-ui/build/assets/gruvbox-dark-soft-C7_j7vXL.js                21.90 kB │ map:     29.51 kB
../src/webview-ui/build/assets/gruvbox-light-hard-CKQ1ASyk.js               21.91 kB │ map:     29.52 kB
../src/webview-ui/build/assets/gruvbox-light-soft-BFVeOA9a.js               21.91 kB │ map:     29.52 kB
../src/webview-ui/build/assets/gruvbox-dark-medium-DSa6_5Jl.js              21.91 kB │ map:     29.52 kB
../src/webview-ui/build/assets/gruvbox-light-medium-CuGkP0fd.js             21.91 kB │ map:     29.53 kB
../src/webview-ui/build/assets/nim-Cy8c2Ije.js                              22.49 kB │ map:     32.75 kB
../src/webview-ui/build/assets/common-lisp-Cv5bFMCO.js                      22.62 kB │ map:     26.68 kB
../src/webview-ui/build/assets/sankeyDiagram-5OEKKPKP-DFiGBudA.js           22.80 kB │ map:     82.50 kB
../src/webview-ui/build/assets/mindmap-definition-RKZ34NQL-CsuU08Wr.js      23.13 kB │ map:     72.63 kB
../src/webview-ui/build/assets/journeyDiagram-JHISSGLW-CEz4Z2LY.js          23.19 kB │ map:     74.50 kB
../src/webview-ui/build/assets/sql-DOyeGuLK.js                              23.50 kB │ map:     27.92 kB
../src/webview-ui/build/assets/purescript-Bxt9HAlx.js                       23.60 kB │ map:     33.38 kB
../src/webview-ui/build/assets/typespec-M5HnuNy0.js                         23.69 kB │ map:     33.06 kB
../src/webview-ui/build/assets/graphlib-B8gBHxth.js                         23.95 kB │ map:    199.33 kB
../src/webview-ui/build/assets/astro-Ba0YciKl.js                            24.02 kB │ map:     29.08 kB
../src/webview-ui/build/assets/templ-DhGHubZX.js                            24.04 kB │ map:     30.81 kB
../src/webview-ui/build/assets/apl-D6lAFpKb.js                              24.07 kB │ map:     33.33 kB
../src/webview-ui/build/assets/angular-html-uH2ujiAV.js                     24.28 kB │ map:     35.64 kB
../src/webview-ui/build/assets/vhdl-BroJfC0k.js                             24.29 kB │ map:     33.37 kB
../src/webview-ui/build/assets/wardleyDiagram-YWT4CUSO-DBarrs6v.js          25.12 kB │ map:     75.41 kB
../src/webview-ui/build/assets/fsharp-CNT8qGdF.js                           25.33 kB │ map:     35.86 kB
../src/webview-ui/build/assets/one-light-DpTtcPZs.js                        25.34 kB │ map:     33.80 kB
../src/webview-ui/build/assets/razor-BZsKXz5R.js                            25.54 kB │ map:     35.71 kB
../src/webview-ui/build/assets/system-verilog-DJ5XKQeo.js                   26.24 kB │ map:     36.26 kB
../src/webview-ui/build/assets/erDiagram-TEJ5UH35-B-We0GCp.js               26.52 kB │ map:     85.40 kB
../src/webview-ui/build/assets/nord-Cb4Vim4T.js                             26.76 kB │ map:     35.35 kB
../src/webview-ui/build/assets/codeql-oeQT6MSM.js                           26.92 kB │ map:     36.01 kB
../src/webview-ui/build/assets/scss-BjH7a0Ej.js                             27.29 kB │ map:     38.32 kB
../src/webview-ui/build/assets/java-DSm1ka0S.js                             27.30 kB │ map:     38.62 kB
../src/webview-ui/build/assets/coffee-BZ0i1q7N.js                           27.46 kB │ map:     36.07 kB
../src/webview-ui/build/assets/mermaid-Cks0YSaY.js                          28.32 kB │ map:     42.27 kB
../src/webview-ui/build/assets/scala-DKOlJaKm.js                            28.92 kB │ map:     40.11 kB
../src/webview-ui/build/assets/night-owl-DhmEMT88.js                        28.95 kB │ map:     39.05 kB
../src/webview-ui/build/assets/gitGraphDiagram-PVQCEYII-Cjz94tn2.js         28.96 kB │ map:    110.12 kB
../src/webview-ui/build/assets/crystal-U3lZD4Ch.js                          29.45 kB │ map:     41.17 kB
../src/webview-ui/build/assets/applescript-CCn79oCD.js                      29.61 kB │ map:     39.34 kB
../src/webview-ui/build/assets/timeline-definition-PNZ67QCA-La4gTk2C.js     30.33 kB │ map:     99.92 kB
../src/webview-ui/build/assets/requirementDiagram-4Y6WPE33-Cfl75vgZ.js      30.68 kB │ map:     94.62 kB
../src/webview-ui/build/assets/julia-CJoznBHU.js                            31.04 kB │ map:     40.55 kB
../src/webview-ui/build/assets/stylus-B6D30XZt.js                           31.11 kB │ map:     38.87 kB
../src/webview-ui/build/assets/poimandres-DRFjx7u4.js                       33.53 kB │ map:     43.06 kB
../src/webview-ui/build/assets/quadrantDiagram-W4KKPZXB-CbB5qoL8.js         33.55 kB │ map:    105.41 kB
../src/webview-ui/build/assets/one-dark-pro-CLwyXe_n.js                     33.83 kB │ map:     44.50 kB
../src/webview-ui/build/assets/bsl-BkkzgIyY.js                              33.90 kB │ map:     37.60 kB
../src/webview-ui/build/assets/haxe-B21ApfgB.js                             35.19 kB │ map:     49.50 kB
../src/webview-ui/build/assets/nginx-Bw9oNziM.js                            35.39 kB │ map:     48.47 kB
../src/webview-ui/build/assets/houston-CsvMBhTu.js                          35.46 kB │ map:     46.39 kB
../src/webview-ui/build/assets/tokyo-night-oM2G3aXe.js                      35.71 kB │ map:     45.34 kB
../src/webview-ui/build/assets/howler-I9vCbOTR.js                           35.98 kB │ map:    150.26 kB
../src/webview-ui/build/assets/chunk-AQP2D5EJ-CfFtLydY.js                   36.65 kB │ map:    116.78 kB
../src/webview-ui/build/assets/dagre-Bx709z4p.js                            36.91 kB │ map:    245.66 kB
../src/webview-ui/build/assets/erlang-C6HX3KS3.js                           37.46 kB │ map:     51.46 kB
../src/webview-ui/build/assets/cobol-DKRFk4ik.js                            39.12 kB │ map:     47.35 kB
../src/webview-ui/build/assets/r-C0g-m2v_.js                                39.51 kB │ map:     48.55 kB
../src/webview-ui/build/assets/xychartDiagram-2RQKCTM6-DOxdEcMo.js          39.91 kB │ map:    127.23 kB
../src/webview-ui/build/assets/vennDiagram-CIIHVFJN-LXHmBMJa.js             40.53 kB │ map:    172.27 kB
../src/webview-ui/build/assets/asm-Cmm7eHzH.js                              40.75 kB │ map:     52.99 kB
../src/webview-ui/build/assets/haskell-D8IpX4py.js                          41.52 kB │ map:     57.84 kB
../src/webview-ui/build/assets/shellscript-B8scCyLv.js                      41.57 kB │ map:     56.51 kB
../src/webview-ui/build/assets/perl-gUItLsnZ.js                             43.18 kB │ map:     60.74 kB
../src/webview-ui/build/assets/d-qD-0Kul2.js                                43.82 kB │ map:     62.68 kB
../src/webview-ui/build/assets/go-Cn4Fbxtf.js                               45.16 kB │ map:     64.19 kB
../src/webview-ui/build/assets/ruby-Dh45E5Gy.js                             45.83 kB │ map:     65.24 kB
../src/webview-ui/build/assets/apex-DXbnBpry.js                             46.11 kB │ map:     64.37 kB
../src/webview-ui/build/assets/catppuccin-mocha-hARZAtYE.js                 46.89 kB │ map:     61.46 kB
../src/webview-ui/build/assets/catppuccin-latte-C2m8u8bw.js                 46.89 kB │ map:     61.46 kB
../src/webview-ui/build/assets/catppuccin-frappe-DGwxTApx.js                46.89 kB │ map:     61.47 kB
../src/webview-ui/build/assets/catppuccin-macchiato-oWwUXfmJ.js             46.90 kB │ map:     61.48 kB
../src/webview-ui/build/assets/ada-C5qYipkI.js                              48.11 kB │ map:     70.95 kB
../src/webview-ui/build/assets/chunk-727SXJPM-aam-pJeT.js                   48.51 kB │ map:    144.63 kB
../src/webview-ui/build/assets/css-CEd9M_0o.js                              49.11 kB │ map:     60.62 kB
../src/webview-ui/build/assets/imba-DsUTQ-LC.js                             49.96 kB │ map:     68.08 kB
../src/webview-ui/build/assets/everforest-dark-sB-x3p7T.js                  53.79 kB │ map:     68.26 kB
../src/webview-ui/build/assets/everforest-light-Df2xbC6M.js                 53.79 kB │ map:     68.27 kB
../src/webview-ui/build/assets/wikitext-ClFFjSW2.js                         55.92 kB │ map:     77.63 kB
../src/webview-ui/build/assets/markdown-BI9j20mB.js                         55.95 kB │ map:     77.60 kB
../src/webview-ui/build/assets/stata-DD0LEJSF.js                            57.03 kB │ map:     74.17 kB
../src/webview-ui/build/assets/html-rgSQu7Lv.js                             57.34 kB │ map:     72.99 kB
../src/webview-ui/build/assets/ballerina-B7ZEbQpA.js                        58.73 kB │ map:     81.52 kB
../src/webview-ui/build/assets/flowDiagram-I6XJVG4X-B_kYyyKd.js             59.89 kB │ map:    181.08 kB
../src/webview-ui/build/assets/ocaml-O90oeIOV.js                            62.48 kB │ map:     81.10 kB
../src/webview-ui/build/assets/c4Diagram-AAUBKEIU-41Pp6IgU.js               69.11 kB │ map:    192.31 kB
../src/webview-ui/build/assets/ganttDiagram-6RSMTGT7-_q37ALQS.js            69.17 kB │ map:    229.35 kB
../src/webview-ui/build/assets/mojo-BMVD-x3l.js                             69.32 kB │ map:     94.21 kB
../src/webview-ui/build/assets/latex-Y11jhXb0.js                            69.41 kB │ map:     96.14 kB
../src/webview-ui/build/assets/python-gzcpVVnB.js                           69.98 kB │ map:     95.23 kB
../src/webview-ui/build/assets/c-C9IzLSwW.js                                72.19 kB │ map:     95.37 kB
../src/webview-ui/build/assets/blockDiagram-GPEHLZMM-BF5YEsQ3.js            72.51 kB │ map:    240.65 kB
../src/webview-ui/build/assets/vyper-CgoNMtux.js                            74.68 kB │ map:    100.70 kB
../src/webview-ui/build/assets/hack-DZtnBBHY.js                             80.21 kB │ map:     97.29 kB
../src/webview-ui/build/assets/cose-bilkent-S5V4N54A-B0YtYIoW.js            81.42 kB │ map:    288.48 kB
../src/webview-ui/build/assets/csharp-Bp4tm4LC.js                           85.62 kB │ map:    120.16 kB
../src/webview-ui/build/assets/swift-DT9GehF7.js                            86.00 kB │ map:    113.11 kB
../src/webview-ui/build/assets/asciidoc-IdCtDRcn.js                         87.10 kB │ map:    124.87 kB
../src/webview-ui/build/assets/fortran-free-form-B3N2jM_P.js                87.19 kB │ map:    121.51 kB
../src/webview-ui/build/assets/racket-DcIDlBhZ.js                           92.42 kB │ map:    106.18 kB
../src/webview-ui/build/assets/less-DVTAwKKz.js                             97.66 kB │ map:    131.85 kB
../src/webview-ui/build/assets/blade-1Dzmn6OR.js                           103.84 kB │ map:    129.25 kB
../src/webview-ui/build/assets/objective-c-D1A_Heim.js                     105.45 kB │ map:    129.64 kB
../src/webview-ui/build/assets/php-BLsdGpM2.js                             111.03 kB │ map:    139.28 kB
../src/webview-ui/build/assets/sequenceDiagram-3UESZ5HK-TX8RzB9H.js        115.66 kB │ map:    330.47 kB
../src/webview-ui/build/assets/mdx-DQZ5AkYe.js                             136.14 kB │ map:    176.72 kB
../src/webview-ui/build/assets/architectureDiagram-3BPJPVTR-B0D3BEYi.js    146.81 kB │ map:    553.71 kB
../src/webview-ui/build/assets/objective-cpp-BsSzOQcm.js                   172.01 kB │ map:    218.52 kB
../src/webview-ui/build/assets/javascript-B8Gc7Mkq.js                      174.91 kB │ map:    236.03 kB
../src/webview-ui/build/assets/tsx-CtaQgciv.js                             175.62 kB │ map:    236.72 kB
../src/webview-ui/build/assets/jsx-CWIPvuyT.js                             177.88 kB │ map:    238.98 kB
../src/webview-ui/build/assets/typescript-CsugUgXl.js                      181.16 kB │ map:    244.37 kB
../src/webview-ui/build/assets/angular-ts-BwMLXAYe.js                      183.77 kB │ map:    249.42 kB
../src/webview-ui/build/assets/katex-Vhh-h91d.js                           258.92 kB │ map:    931.80 kB
../src/webview-ui/build/assets/wolfram-DLL8P-h_.js                         262.42 kB │ map:    279.65 kB
../src/webview-ui/build/assets/cytoscape.esm-FqbQrHcz.js                   434.34 kB │ map:  1,699.99 kB
../src/webview-ui/build/assets/mermaid-parser.core-C_rzp9Hq.js             603.45 kB │ map:  1,882.21 kB
../src/webview-ui/build/assets/wasm-BnjxR4X6.js                            622.36 kB │ map:    622.85 kB
../src/webview-ui/build/assets/cpp-DiiCrS74.js                             626.15 kB │ map:    816.16 kB
../src/webview-ui/build/assets/emacs-lisp-C9PiwqqW.js                      779.89 kB │ map:    789.80 kB
../src/webview-ui/build/assets/index.js                                  5,970.06 kB │ map: 18,445.64 kB

[32m✓ built in 11.86s[39m
Ensuring source maps are included in build...
Source map processing for production build in H:\Project\AgentProject\src\webview-ui\build
Found 344 JS files in assets directory
Source map found for abap-CLvhMVsD.js
Updated source map for abap-CLvhMVsD.js
Source map found for actionscript-3-CzQY2Bug.js
Updated source map for actionscript-3-CzQY2Bug.js
Source map found for ada-C5qYipkI.js
Updated source map for ada-C5qYipkI.js
Source map found for andromeeda-JjuYFqoF.js
Updated source map for andromeeda-JjuYFqoF.js
Source map found for angular-html-uH2ujiAV.js
Updated source map for angular-html-uH2ujiAV.js
Source map found for angular-ts-BwMLXAYe.js
Updated source map for angular-ts-BwMLXAYe.js
Source map found for apache-U0d_L8uA.js
Updated source map for apache-U0d_L8uA.js
Source map found for apex-DXbnBpry.js
Updated source map for apex-DXbnBpry.js
Source map found for apl-D6lAFpKb.js
Updated source map for apl-D6lAFpKb.js
Source map found for applescript-CCn79oCD.js
Updated source map for applescript-CCn79oCD.js
Source map found for ara-4CJ0cIlV.js
Updated source map for ara-4CJ0cIlV.js
Source map found for arc-2__Qw4K2.js
Updated source map for arc-2__Qw4K2.js
No source map found for architecture-7EHR7CIX-DtRdCxez.js
Source map found for architectureDiagram-3BPJPVTR-B0D3BEYi.js
Updated source map for architectureDiagram-3BPJPVTR-B0D3BEYi.js
Source map found for asciidoc-IdCtDRcn.js
Updated source map for asciidoc-IdCtDRcn.js
Source map found for asm-Cmm7eHzH.js
Updated source map for asm-Cmm7eHzH.js
Source map found for astro-Ba0YciKl.js
Updated source map for astro-Ba0YciKl.js
Source map found for aurora-x-CDeNXAV0.js
Updated source map for aurora-x-CDeNXAV0.js
Source map found for awk-BWXHIvNe.js
Updated source map for awk-BWXHIvNe.js
Source map found for ayu-dark-CXHoNUfW.js
Updated source map for ayu-dark-CXHoNUfW.js
Source map found for ballerina-B7ZEbQpA.js
Updated source map for ballerina-B7ZEbQpA.js
Source map found for bat-Bo4NYOV-.js
Updated source map for bat-Bo4NYOV-.js
Source map found for beancount-CtyyOUlT.js
Updated source map for beancount-CtyyOUlT.js
Source map found for berry-jid5E5RX.js
Updated source map for berry-jid5E5RX.js
Source map found for bibtex-Ci_nEsc7.js
Updated source map for bibtex-Ci_nEsc7.js
Source map found for bicep-CBtovdkV.js
Updated source map for bicep-CBtovdkV.js
Source map found for blade-1Dzmn6OR.js
Updated source map for blade-1Dzmn6OR.js
Source map found for blockDiagram-GPEHLZMM-BF5YEsQ3.js
Updated source map for blockDiagram-GPEHLZMM-BF5YEsQ3.js
Source map found for bsl-BkkzgIyY.js
Updated source map for bsl-BkkzgIyY.js
Source map found for c-C9IzLSwW.js
Updated source map for c-C9IzLSwW.js
Source map found for c4Diagram-AAUBKEIU-41Pp6IgU.js
Updated source map for c4Diagram-AAUBKEIU-41Pp6IgU.js
Source map found for cadence-CHGcLQCo.js
Updated source map for cadence-CHGcLQCo.js
Source map found for cairo-DLTphjLi.js
Updated source map for cairo-DLTphjLi.js
Source map found for catppuccin-frappe-DGwxTApx.js
Updated source map for catppuccin-frappe-DGwxTApx.js
Source map found for catppuccin-latte-C2m8u8bw.js
Updated source map for catppuccin-latte-C2m8u8bw.js
Source map found for catppuccin-macchiato-oWwUXfmJ.js
Updated source map for catppuccin-macchiato-oWwUXfmJ.js
Source map found for catppuccin-mocha-hARZAtYE.js
Updated source map for catppuccin-mocha-hARZAtYE.js
Source map found for channel-CUe580UV.js
Updated source map for channel-CUe580UV.js
Source map found for chunk-2J33WTMH-E08jSFVY.js
Updated source map for chunk-2J33WTMH-E08jSFVY.js
Source map found for chunk-4BX2VUAB-DfjyfPL-.js
Updated source map for chunk-4BX2VUAB-DfjyfPL-.js
Source map found for chunk-55IACEB6-D3PhTl3D.js
Updated source map for chunk-55IACEB6-D3PhTl3D.js
Source map found for chunk-727SXJPM-aam-pJeT.js
Updated source map for chunk-727SXJPM-aam-pJeT.js
Source map found for chunk-AQP2D5EJ-CfFtLydY.js
Updated source map for chunk-AQP2D5EJ-CfFtLydY.js
Source map found for chunk-FMBD7UC4-DWchuYSD.js
Updated source map for chunk-FMBD7UC4-DWchuYSD.js
Source map found for chunk-ND2GUHAM-C-FZa9dg.js
Updated source map for chunk-ND2GUHAM-C-FZa9dg.js
Source map found for chunk-QZHKN3VN-D1r_H0IV.js
Updated source map for chunk-QZHKN3VN-D1r_H0IV.js
Source map found for clarity-CsS_fbDh.js
Updated source map for clarity-CsS_fbDh.js
Source map found for classDiagram-4FO5ZUOK-Ca-tAjHs.js
Updated source map for classDiagram-4FO5ZUOK-Ca-tAjHs.js
Source map found for classDiagram-v2-Q7XG4LA2-Ca-tAjHs.js
Updated source map for classDiagram-v2-Q7XG4LA2-Ca-tAjHs.js
Source map found for clojure-DqKBuwfJ.js
Updated source map for clojure-DqKBuwfJ.js
Source map found for cmake-Bj61d0ZC.js
Updated source map for cmake-Bj61d0ZC.js
Source map found for cobol-DKRFk4ik.js
Updated source map for cobol-DKRFk4ik.js
Source map found for codeowners-C8r90Shi.js
Updated source map for codeowners-C8r90Shi.js
Source map found for codeql-oeQT6MSM.js
Updated source map for codeql-oeQT6MSM.js
Source map found for coffee-BZ0i1q7N.js
Updated source map for coffee-BZ0i1q7N.js
Source map found for common-lisp-Cv5bFMCO.js
Updated source map for common-lisp-Cv5bFMCO.js
Source map found for coq-Cih0jbrv.js
Updated source map for coq-Cih0jbrv.js
Source map found for cose-bilkent-S5V4N54A-B0YtYIoW.js
Updated source map for cose-bilkent-S5V4N54A-B0YtYIoW.js
Source map found for cpp-DiiCrS74.js
Updated source map for cpp-DiiCrS74.js
Source map found for crystal-U3lZD4Ch.js
Updated source map for crystal-U3lZD4Ch.js
Source map found for csharp-Bp4tm4LC.js
Updated source map for csharp-Bp4tm4LC.js
Source map found for css-CEd9M_0o.js
Updated source map for css-CEd9M_0o.js
Source map found for csv-Dx-8-gkx.js
Updated source map for csv-Dx-8-gkx.js
Source map found for cue-CE9AQfxI.js
Updated source map for cue-CE9AQfxI.js
Source map found for cypher-ClKdZ_lG.js
Updated source map for cypher-ClKdZ_lG.js
Source map found for cytoscape.esm-FqbQrHcz.js
Updated source map for cytoscape.esm-FqbQrHcz.js
Source map found for d-qD-0Kul2.js
Updated source map for d-qD-0Kul2.js
Source map found for dagre-BM42HDAG-DmAAULwd.js
Updated source map for dagre-BM42HDAG-DmAAULwd.js
Source map found for dagre-Bx709z4p.js
Updated source map for dagre-Bx709z4p.js
Source map found for dark-plus-Cs2F2srj.js
Updated source map for dark-plus-Cs2F2srj.js
Source map found for dart-DkHntEIa.js
Updated source map for dart-DkHntEIa.js
Source map found for dax-BkyTk9wS.js
Updated source map for dax-BkyTk9wS.js
Source map found for defaultLocale-C8Fc0cco.js
Updated source map for defaultLocale-C8Fc0cco.js
Source map found for desktop-Dlh5hvp9.js
Updated source map for desktop-Dlh5hvp9.js
Source map found for diagram-2AECGRRQ-DKHFNBt8.js
Updated source map for diagram-2AECGRRQ-DKHFNBt8.js
Source map found for diagram-5GNKFQAL-B5EsunnH.js
Updated source map for diagram-5GNKFQAL-B5EsunnH.js
Source map found for diagram-KO2AKTUF-BuZUjKSa.js
Updated source map for diagram-KO2AKTUF-BuZUjKSa.js
Source map found for diagram-LMA3HP47-BDp__7F-.js
Updated source map for diagram-LMA3HP47-BDp__7F-.js
Source map found for diagram-OG6HWLK6-a4PylLct.js
Updated source map for diagram-OG6HWLK6-a4PylLct.js
Source map found for diff-woXpYk--.js
Updated source map for diff-woXpYk--.js
Source map found for docker-IyjqRm3v.js
Updated source map for docker-IyjqRm3v.js
Source map found for dotenv-_5a1GRtc.js
Updated source map for dotenv-_5a1GRtc.js
Source map found for dracula-BHWKrbxM.js
Updated source map for dracula-BHWKrbxM.js
Source map found for dracula-soft-5eyTD99u.js
Updated source map for dracula-soft-5eyTD99u.js
Source map found for dream-maker-DW3nJb8Q.js
Updated source map for dream-maker-DW3nJb8Q.js
Source map found for edge-BPk86sVH.js
Updated source map for edge-BPk86sVH.js
Source map found for elixir-jQ0r55H2.js
Updated source map for elixir-jQ0r55H2.js
Source map found for elm-BrQ7dDtz.js
Updated source map for elm-BrQ7dDtz.js
Source map found for emacs-lisp-C9PiwqqW.js
Updated source map for emacs-lisp-C9PiwqqW.js
Source map found for erb-xBkmDnGP.js
Updated source map for erb-xBkmDnGP.js
Source map found for erDiagram-TEJ5UH35-B-We0GCp.js
Updated source map for erDiagram-TEJ5UH35-B-We0GCp.js
Source map found for erlang-C6HX3KS3.js
Updated source map for erlang-C6HX3KS3.js
No source map found for eventmodeling-FCH6USID-BLv6rD8A.js
Source map found for everforest-dark-sB-x3p7T.js
Updated source map for everforest-dark-sB-x3p7T.js
Source map found for everforest-light-Df2xbC6M.js
Updated source map for everforest-light-Df2xbC6M.js
Source map found for fennel-DQxkIbk2.js
Updated source map for fennel-DQxkIbk2.js
Source map found for fish-D_7hXPPf.js
Updated source map for fish-D_7hXPPf.js
Source map found for flowDiagram-I6XJVG4X-B_kYyyKd.js
Updated source map for flowDiagram-I6XJVG4X-B_kYyyKd.js
Source map found for fluent-C03EYrpw.js
Updated source map for fluent-C03EYrpw.js
Source map found for fortran-fixed-form-BJLMMyj_.js
Updated source map for fortran-fixed-form-BJLMMyj_.js
Source map found for fortran-free-form-B3N2jM_P.js
Updated source map for fortran-free-form-B3N2jM_P.js
Source map found for fsharp-CNT8qGdF.js
Updated source map for fsharp-CNT8qGdF.js
Source map found for ganttDiagram-6RSMTGT7-_q37ALQS.js
Updated source map for ganttDiagram-6RSMTGT7-_q37ALQS.js
Source map found for gdresource-B2bHe7-M.js
Updated source map for gdresource-B2bHe7-M.js
Source map found for gdscript-D-mpw4AE.js
Updated source map for gdscript-D-mpw4AE.js
Source map found for gdshader-CBce3t8t.js
Updated source map for gdshader-CBce3t8t.js
Source map found for genie-CV2tkWYe.js
Updated source map for genie-CV2tkWYe.js
Source map found for gherkin-DExj1W_8.js
Updated source map for gherkin-DExj1W_8.js
Source map found for git-commit-BSykSTBG.js
Updated source map for git-commit-BSykSTBG.js
Source map found for git-rebase-BGQGoB93.js
Updated source map for git-rebase-BGQGoB93.js
No source map found for gitGraph-WXDBUCRP-CUuTtUCi.js
Source map found for gitGraphDiagram-PVQCEYII-Cjz94tn2.js
Updated source map for gitGraphDiagram-PVQCEYII-Cjz94tn2.js
Source map found for github-dark-C-LZuMrd.js
Updated source map for github-dark-C-LZuMrd.js
Source map found for github-dark-default-DXG-b-1a.js
Updated source map for github-dark-default-DXG-b-1a.js
Source map found for github-dark-dimmed-Bx1FflLF.js
Updated source map for github-dark-dimmed-Bx1FflLF.js
Source map found for github-dark-high-contrast-B_tTalzw.js
Updated source map for github-dark-high-contrast-B_tTalzw.js
Source map found for github-light-default-BXViO-2h.js
Updated source map for github-light-default-BXViO-2h.js
Source map found for github-light-EUqPIrTm.js
Updated source map for github-light-EUqPIrTm.js
Source map found for github-light-high-contrast-B68TUdTA.js
Updated source map for github-light-high-contrast-B68TUdTA.js
Source map found for gleam-CSRkHgEL.js
Updated source map for gleam-CSRkHgEL.js
Source map found for glimmer-js-iKUrBJlU.js
Updated source map for glimmer-js-iKUrBJlU.js
Source map found for glimmer-ts-BhtQ4w4U.js
Updated source map for glimmer-ts-BhtQ4w4U.js
Source map found for glsl-1_vOYCHu.js
Updated source map for glsl-1_vOYCHu.js
Source map found for gnuplot-7GGW24-e.js
Updated source map for gnuplot-7GGW24-e.js
Source map found for go-Cn4Fbxtf.js
Updated source map for go-Cn4Fbxtf.js
Source map found for graphlib-B8gBHxth.js
Updated source map for graphlib-B8gBHxth.js
Source map found for graphql-Bv6jnFHP.js
Updated source map for graphql-Bv6jnFHP.js
Source map found for groovy-CacY0gHj.js
Updated source map for groovy-CacY0gHj.js
Source map found for gruvbox-dark-hard-CIuQAOr6.js
Updated source map for gruvbox-dark-hard-CIuQAOr6.js
Source map found for gruvbox-dark-medium-DSa6_5Jl.js
Updated source map for gruvbox-dark-medium-DSa6_5Jl.js
Source map found for gruvbox-dark-soft-C7_j7vXL.js
Updated source map for gruvbox-dark-soft-C7_j7vXL.js
Source map found for gruvbox-light-hard-CKQ1ASyk.js
Updated source map for gruvbox-light-hard-CKQ1ASyk.js
Source map found for gruvbox-light-medium-CuGkP0fd.js
Updated source map for gruvbox-light-medium-CuGkP0fd.js
Source map found for gruvbox-light-soft-BFVeOA9a.js
Updated source map for gruvbox-light-soft-BFVeOA9a.js
Source map found for hack-DZtnBBHY.js
Updated source map for hack-DZtnBBHY.js
Source map found for haml-DlK4iLvd.js
Updated source map for haml-DlK4iLvd.js
Source map found for handlebars-Dimeqo56.js
Updated source map for handlebars-Dimeqo56.js
Source map found for haskell-D8IpX4py.js
Updated source map for haskell-D8IpX4py.js
Source map found for haxe-B21ApfgB.js
Updated source map for haxe-B21ApfgB.js
Source map found for hcl-Dh228itO.js
Updated source map for hcl-Dh228itO.js
Source map found for hjson-CxZEssPk.js
Updated source map for hjson-CxZEssPk.js
Source map found for hlsl-Cvrh5tZx.js
Updated source map for hlsl-Cvrh5tZx.js
Source map found for houston-CsvMBhTu.js
Updated source map for houston-CsvMBhTu.js
Source map found for howler-I9vCbOTR.js
Updated source map for howler-I9vCbOTR.js
Source map found for html-derivative-CRzsB4iv.js
Updated source map for html-derivative-CRzsB4iv.js
Source map found for html-rgSQu7Lv.js
Updated source map for html-rgSQu7Lv.js
Source map found for http-CFoNP6mj.js
Updated source map for http-CFoNP6mj.js
Source map found for hxml-DpHCt3Xd.js
Updated source map for hxml-DpHCt3Xd.js
Source map found for hy-CZbG8q4J.js
Updated source map for hy-CZbG8q4J.js
Source map found for imba-DsUTQ-LC.js
Updated source map for imba-DsUTQ-LC.js
Source map found for index.js
Updated source map for index.js
No source map found for info-J43DQDTF-Do3xJ_Fa.js
Source map found for infoDiagram-5YYISTIA-BVV_tWgA.js
Updated source map for infoDiagram-5YYISTIA-BVV_tWgA.js
Source map found for ini-B5eOa1yu.js
Updated source map for ini-B5eOa1yu.js
Source map found for init-D6jRqBbL.js
Updated source map for init-D6jRqBbL.js
Source map found for ishikawaDiagram-YF4QCWOH-DG6ysAcH.js
Updated source map for ishikawaDiagram-YF4QCWOH-DG6ysAcH.js
Source map found for java-DSm1ka0S.js
Updated source map for java-DSm1ka0S.js
Source map found for javascript-B8Gc7Mkq.js
Updated source map for javascript-B8Gc7Mkq.js
Source map found for jinja-C3S6P7Ss.js
Updated source map for jinja-C3S6P7Ss.js
Source map found for jison-CPsJYWww.js
Updated source map for jison-CPsJYWww.js
Source map found for journeyDiagram-JHISSGLW-CEz4Z2LY.js
Updated source map for journeyDiagram-JHISSGLW-CEz4Z2LY.js
Source map found for json-DiyxZGqm.js
Updated source map for json-DiyxZGqm.js
Source map found for json5-BR5RXkoi.js
Updated source map for json5-BR5RXkoi.js
Source map found for jsonc-CYpm1nAK.js
Updated source map for jsonc-CYpm1nAK.js
Source map found for jsonl-CmCQp5Yx.js
Updated source map for jsonl-CmCQp5Yx.js
Source map found for jsonnet-CJTPZ8u_.js
Updated source map for jsonnet-CJTPZ8u_.js
Source map found for jssm-DXw9l8Rf.js
Updated source map for jssm-DXw9l8Rf.js
Source map found for jsx-CWIPvuyT.js
Updated source map for jsx-CWIPvuyT.js
Source map found for julia-CJoznBHU.js
Updated source map for julia-CJoznBHU.js
Source map found for kanagawa-dragon-CXtmUGW6.js
Updated source map for kanagawa-dragon-CXtmUGW6.js
Source map found for kanagawa-lotus-BN08jTvb.js
Updated source map for kanagawa-lotus-BN08jTvb.js
Source map found for kanagawa-wave-CTweb8Dz.js
Updated source map for kanagawa-wave-CTweb8Dz.js
Source map found for kanban-definition-UN3LZRKU-BkWELgGP.js
Updated source map for kanban-definition-UN3LZRKU-BkWELgGP.js
Source map found for katex-Vhh-h91d.js
Updated source map for katex-Vhh-h91d.js
Source map found for kotlin-DhhofPvG.js
Updated source map for kotlin-DhhofPvG.js
Source map found for kusto-DZOoy8cc.js
Updated source map for kusto-DZOoy8cc.js
Source map found for laserwave-C_8bwKvT.js
Updated source map for laserwave-C_8bwKvT.js
Source map found for latex-Y11jhXb0.js
Updated source map for latex-Y11jhXb0.js
Source map found for lean-eLeUYytH.js
Updated source map for lean-eLeUYytH.js
Source map found for less-DVTAwKKz.js
Updated source map for less-DVTAwKKz.js
Source map found for light-plus-DVQuIRkW.js
Updated source map for light-plus-DVQuIRkW.js
Source map found for linear-B7UXpq0j.js
Updated source map for linear-B7UXpq0j.js
Source map found for liquid-BSS0dpoc.js
Updated source map for liquid-BSS0dpoc.js
Source map found for llvm-DwarZtGh.js
Updated source map for llvm-DwarZtGh.js
Source map found for log-DYQWOg_W.js
Updated source map for log-DYQWOg_W.js
Source map found for logo-Cluzi2Zq.js
Updated source map for logo-Cluzi2Zq.js
Source map found for lua-BXBpirBI.js
Updated source map for lua-BXBpirBI.js
Source map found for luau-hWMV1DH1.js
Updated source map for luau-hWMV1DH1.js
Source map found for make-Dixweg8N.js
Updated source map for make-Dixweg8N.js
Source map found for markdown-BI9j20mB.js
Updated source map for markdown-BI9j20mB.js
Source map found for marko-Bcur3Lds.js
Updated source map for marko-Bcur3Lds.js
Source map found for material-theme-Bm3Qr25_.js
Updated source map for material-theme-Bm3Qr25_.js
Source map found for material-theme-darker-2IIEA8gg.js
Updated source map for material-theme-darker-2IIEA8gg.js
Source map found for material-theme-lighter-uhdI0v04.js
Updated source map for material-theme-lighter-uhdI0v04.js
Source map found for material-theme-ocean-CHQ94UKr.js
Updated source map for material-theme-ocean-CHQ94UKr.js
Source map found for material-theme-palenight-B5W6OYN7.js
Updated source map for material-theme-palenight-B5W6OYN7.js
Source map found for matlab-D7qyCx1q.js
Updated source map for matlab-D7qyCx1q.js
Source map found for mdc-CcbB0KnY.js
Updated source map for mdc-CcbB0KnY.js
Source map found for mdx-DQZ5AkYe.js
Updated source map for mdx-DQZ5AkYe.js
Source map found for mermaid-Cks0YSaY.js
Updated source map for mermaid-Cks0YSaY.js
Source map found for mermaid-parser.core-C_rzp9Hq.js
Updated source map for mermaid-parser.core-C_rzp9Hq.js
Source map found for min-dark-BSWPekZh.js
Updated source map for min-dark-BSWPekZh.js
Source map found for min-light-DDpmG2fV.js
Updated source map for min-light-DDpmG2fV.js
Source map found for mindmap-definition-RKZ34NQL-CsuU08Wr.js
Updated source map for mindmap-definition-RKZ34NQL-CsuU08Wr.js
Source map found for mipsasm-BMqwQI7S.js
Updated source map for mipsasm-BMqwQI7S.js
Source map found for mojo-BMVD-x3l.js
Updated source map for mojo-BMVD-x3l.js
Source map found for monokai-CdkpiU2Y.js
Updated source map for monokai-CdkpiU2Y.js
Source map found for move-D_ePOkKW.js
Updated source map for move-D_ePOkKW.js
Source map found for narrat-_X_XdTYD.js
Updated source map for narrat-_X_XdTYD.js
Source map found for nextflow-DdtV05Iq.js
Updated source map for nextflow-DdtV05Iq.js
Source map found for nginx-Bw9oNziM.js
Updated source map for nginx-Bw9oNziM.js
Source map found for night-owl-DhmEMT88.js
Updated source map for night-owl-DhmEMT88.js
Source map found for nim-Cy8c2Ije.js
Updated source map for nim-Cy8c2Ije.js
Source map found for nix-DWzWkJdQ.js
Updated source map for nix-DWzWkJdQ.js
Source map found for nord-Cb4Vim4T.js
Updated source map for nord-Cb4Vim4T.js
Source map found for nushell-wUS1a9PE.js
Updated source map for nushell-wUS1a9PE.js
Source map found for objective-c-D1A_Heim.js
Updated source map for objective-c-D1A_Heim.js
Source map found for objective-cpp-BsSzOQcm.js
Updated source map for objective-cpp-BsSzOQcm.js
Source map found for ocaml-O90oeIOV.js
Updated source map for ocaml-O90oeIOV.js
Source map found for one-dark-pro-CLwyXe_n.js
Updated source map for one-dark-pro-CLwyXe_n.js
Source map found for one-light-DpTtcPZs.js
Updated source map for one-light-DpTtcPZs.js
Source map found for ordinal-hYBb2elL.js
Updated source map for ordinal-hYBb2elL.js
No source map found for packet-YPE3B663-CC3wTs5N.js
Source map found for pascal-4ZHwLPI5.js
Updated source map for pascal-4ZHwLPI5.js
Source map found for perl-gUItLsnZ.js
Updated source map for perl-gUItLsnZ.js
Source map found for php-BLsdGpM2.js
Updated source map for php-BLsdGpM2.js
No source map found for pie-LRSECV5Y-bW1AUZYi.js
Source map found for pieDiagram-4H26LBE5-z-Y3p0xp.js
Updated source map for pieDiagram-4H26LBE5-z-Y3p0xp.js
Source map found for plastic-DQwYfKfQ.js
Updated source map for plastic-DQwYfKfQ.js
Source map found for plsql-DGHpHOYJ.js
Updated source map for plsql-DGHpHOYJ.js
Source map found for po-BiJDBrnU.js
Updated source map for po-BiJDBrnU.js
Source map found for poimandres-DRFjx7u4.js
Updated source map for poimandres-DRFjx7u4.js
Source map found for polar-C7UOKdEL.js
Updated source map for polar-C7UOKdEL.js
Source map found for postcss-BXeXVLqQ.js
Updated source map for postcss-BXeXVLqQ.js
Source map found for powerquery-DNMTfnFr.js
Updated source map for powerquery-DNMTfnFr.js
Source map found for powershell-DshXNtvi.js
Updated source map for powershell-DshXNtvi.js
Source map found for prisma-BsRQq5mF.js
Updated source map for prisma-BsRQq5mF.js
Source map found for prolog-iXnhIJG7.js
Updated source map for prolog-iXnhIJG7.js
Source map found for proto-9sO0eQ3y.js
Updated source map for proto-9sO0eQ3y.js
Source map found for pug-Dgep0vgm.js
Updated source map for pug-Dgep0vgm.js
Source map found for puppet-CDv2pdJW.js
Updated source map for puppet-CDv2pdJW.js
Source map found for purescript-Bxt9HAlx.js
Updated source map for purescript-Bxt9HAlx.js
Source map found for python-gzcpVVnB.js
Updated source map for python-gzcpVVnB.js
Source map found for qml-DHCngaGi.js
Updated source map for qml-DHCngaGi.js
Source map found for qmldir-DCQb3MpD.js
Updated source map for qmldir-DCQb3MpD.js
Source map found for qss-Fe1Jh2GI.js
Updated source map for qss-Fe1Jh2GI.js
Source map found for quadrantDiagram-W4KKPZXB-CbB5qoL8.js
Updated source map for quadrantDiagram-W4KKPZXB-CbB5qoL8.js
Source map found for r-C0g-m2v_.js
Updated source map for r-C0g-m2v_.js
Source map found for racket-DcIDlBhZ.js
Updated source map for racket-DcIDlBhZ.js
No source map found for radar-GUYGQ44K-BoA1Kgol.js
Source map found for raku-B3gFvitq.js
Updated source map for raku-B3gFvitq.js
Source map found for razor-BZsKXz5R.js
Updated source map for razor-BZsKXz5R.js
Source map found for red-CJ3rzSJv.js
Updated source map for red-CJ3rzSJv.js
Source map found for reg-CRGYupPL.js
Updated source map for reg-CRGYupPL.js
Source map found for regexp-DByOloga.js
Updated source map for regexp-DByOloga.js
Source map found for rel-BtDbiS_P.js
Updated source map for rel-BtDbiS_P.js
Source map found for requirementDiagram-4Y6WPE33-Cfl75vgZ.js
Updated source map for requirementDiagram-4Y6WPE33-Cfl75vgZ.js
Source map found for riscv-Ckw8ddFX.js
Updated source map for riscv-Ckw8ddFX.js
Source map found for rose-pine-CtiaJAjZ.js
Updated source map for rose-pine-CtiaJAjZ.js
Source map found for rose-pine-dawn-6gSzoyYH.js
Updated source map for rose-pine-dawn-6gSzoyYH.js
Source map found for rose-pine-moon-C94p5VwC.js
Updated source map for rose-pine-moon-C94p5VwC.js
Source map found for rst-e7cqBOJH.js
Updated source map for rst-e7cqBOJH.js
Source map found for ruby-Dh45E5Gy.js
Updated source map for ruby-Dh45E5Gy.js
Source map found for rust-Cfkwpbl8.js
Updated source map for rust-Cfkwpbl8.js
Source map found for sankeyDiagram-5OEKKPKP-DFiGBudA.js
Updated source map for sankeyDiagram-5OEKKPKP-DFiGBudA.js
Source map found for sas-D81atSZL.js
Updated source map for sas-D81atSZL.js
Source map found for sass-DXrisJhu.js
Updated source map for sass-DXrisJhu.js
Source map found for scala-DKOlJaKm.js
Updated source map for scala-DKOlJaKm.js
Source map found for scheme-DQCgrYNe.js
Updated source map for scheme-DQCgrYNe.js
Source map found for scss-BjH7a0Ej.js
Updated source map for scss-BjH7a0Ej.js
Source map found for sdbl-bTVj8UrX.js
Updated source map for sdbl-bTVj8UrX.js
Source map found for sequenceDiagram-3UESZ5HK-TX8RzB9H.js
Updated source map for sequenceDiagram-3UESZ5HK-TX8RzB9H.js
Source map found for shaderlab-TOUzSsQk.js
Updated source map for shaderlab-TOUzSsQk.js
Source map found for shellscript-B8scCyLv.js
Updated source map for shellscript-B8scCyLv.js
Source map found for shellsession-od0xVpVw.js
Updated source map for shellsession-od0xVpVw.js
Source map found for slack-dark-DnToyrRv.js
Updated source map for slack-dark-DnToyrRv.js
Source map found for slack-ochin-B2OO5cIa.js
Updated source map for slack-ochin-B2OO5cIa.js
Source map found for smalltalk-B16xEiuN.js
Updated source map for smalltalk-B16xEiuN.js
Source map found for snazzy-light-4G7pJPwS.js
Updated source map for snazzy-light-4G7pJPwS.js
Source map found for solarized-dark-DV17i1UV.js
Updated source map for solarized-dark-DV17i1UV.js
Source map found for solarized-light-DSh2HLQt.js
Updated source map for solarized-light-DSh2HLQt.js
Source map found for solidity-DawnnwS6.js
Updated source map for solidity-DawnnwS6.js
Source map found for soy-CI8R0oNk.js
Updated source map for soy-CI8R0oNk.js
Source map found for sparql-D_iOobhT.js
Updated source map for sparql-D_iOobhT.js
Source map found for splunk-BC2Px7Mm.js
Updated source map for splunk-BC2Px7Mm.js
Source map found for sql-DOyeGuLK.js
Updated source map for sql-DOyeGuLK.js
Source map found for ssh-config-BgfXC-Er.js
Updated source map for ssh-config-BgfXC-Er.js
Source map found for stata-DD0LEJSF.js
Updated source map for stata-DD0LEJSF.js
Source map found for stateDiagram-AJRCARHV-Crp3R4Un.js
Updated source map for stateDiagram-AJRCARHV-Crp3R4Un.js
Source map found for stateDiagram-v2-BHNVJYJU-8yBjAm8m.js
Updated source map for stateDiagram-v2-BHNVJYJU-8yBjAm8m.js
Source map found for stylus-B6D30XZt.js
Updated source map for stylus-B6D30XZt.js
Source map found for svelte-CD2dAa_9.js
Updated source map for svelte-CD2dAa_9.js
Source map found for swift-DT9GehF7.js
Updated source map for swift-DT9GehF7.js
Source map found for synthwave-84-nFMaYfgc.js
Updated source map for synthwave-84-nFMaYfgc.js
Source map found for system-verilog-DJ5XKQeo.js
Updated source map for system-verilog-DJ5XKQeo.js
Source map found for systemd-BxMlprV5.js
Updated source map for systemd-BxMlprV5.js
Source map found for talonscript-CohzipZa.js
Updated source map for talonscript-CohzipZa.js
Source map found for tasl-DMoTqEGO.js
Updated source map for tasl-DMoTqEGO.js
Source map found for tcl-CZd0xW_V.js
Updated source map for tcl-CZd0xW_V.js
Source map found for templ-DhGHubZX.js
Updated source map for templ-DhGHubZX.js
Source map found for terraform-DswuEJGm.js
Updated source map for terraform-DswuEJGm.js
Source map found for tex-NWWE7wh_.js
Updated source map for tex-NWWE7wh_.js
Source map found for timeline-definition-PNZ67QCA-La4gTk2C.js
Updated source map for timeline-definition-PNZ67QCA-La4gTk2C.js
Source map found for tokyo-night-oM2G3aXe.js
Updated source map for tokyo-night-oM2G3aXe.js
Source map found for toml-CcmNWLt0.js
Updated source map for toml-CcmNWLt0.js
No source map found for treemap-LRROVOQU-DatSfW4l.js
No source map found for treeView-BLDUP644-HOknJ47b.js
Source map found for ts-tags-BIqXvzke.js
Updated source map for ts-tags-BIqXvzke.js
Source map found for tsv-sltzmVWM.js
Updated source map for tsv-sltzmVWM.js
Source map found for tsx-CtaQgciv.js
Updated source map for tsx-CtaQgciv.js
Source map found for turtle-ByJddavk.js
Updated source map for turtle-ByJddavk.js
Source map found for twig-BgEB2bls.js
Updated source map for twig-BgEB2bls.js
Source map found for typescript-CsugUgXl.js
Updated source map for typescript-CsugUgXl.js
Source map found for typespec-M5HnuNy0.js
Updated source map for typespec-M5HnuNy0.js
Source map found for typst-DI99ib-x.js
Updated source map for typst-DI99ib-x.js
Source map found for v-JFmfm3O8.js
Updated source map for v-JFmfm3O8.js
Source map found for vala-zf12oZj6.js
Updated source map for vala-zf12oZj6.js
Source map found for vb-Djn5o6TS.js
Updated source map for vb-Djn5o6TS.js
Source map found for vennDiagram-CIIHVFJN-LXHmBMJa.js
Updated source map for vennDiagram-CIIHVFJN-LXHmBMJa.js
Source map found for verilog-CiiDBU1e.js
Updated source map for verilog-CiiDBU1e.js
Source map found for vesper-D5bVUKB1.js
Updated source map for vesper-D5bVUKB1.js
Source map found for vhdl-BroJfC0k.js
Updated source map for vhdl-BroJfC0k.js
Source map found for viml-DvXPmvsu.js
Updated source map for viml-DvXPmvsu.js
Source map found for vitesse-black-fwtXNY1n.js
Updated source map for vitesse-black-fwtXNY1n.js
Source map found for vitesse-dark-BZCL-v6S.js
Updated source map for vitesse-dark-BZCL-v6S.js
Source map found for vitesse-light-VbXTXTou.js
Updated source map for vitesse-light-VbXTXTou.js
Source map found for vue-8zp4q8HX.js
Updated source map for vue-8zp4q8HX.js
Source map found for vue-html-BHw4AnAx.js
Updated source map for vue-html-BHw4AnAx.js
Source map found for vyper-CgoNMtux.js
Updated source map for vyper-CgoNMtux.js
No source map found for wardley-L42UT6IY-BhDKUEBk.js
Source map found for wardleyDiagram-YWT4CUSO-DBarrs6v.js
Updated source map for wardleyDiagram-YWT4CUSO-DBarrs6v.js
Source map found for wasm-BnjxR4X6.js
Updated source map for wasm-BnjxR4X6.js
Source map found for wasm-ByWQv1Qj.js
Updated source map for wasm-ByWQv1Qj.js
Source map found for wenyan-C8pVoKbM.js
Updated source map for wenyan-C8pVoKbM.js
Source map found for wgsl-BsKzXJz4.js
Updated source map for wgsl-BsKzXJz4.js
Source map found for wikitext-ClFFjSW2.js
Updated source map for wikitext-ClFFjSW2.js
Source map found for wit-DdvCle-K.js
Updated source map for wit-DdvCle-K.js
Source map found for wolfram-DLL8P-h_.js
Updated source map for wolfram-DLL8P-h_.js
Source map found for xml-B0OgXYtF.js
Updated source map for xml-B0OgXYtF.js
Source map found for xsl-1lk-Nk0c.js
Updated source map for xsl-1lk-Nk0c.js
Source map found for xychartDiagram-2RQKCTM6-DOxdEcMo.js
Updated source map for xychartDiagram-2RQKCTM6-DOxdEcMo.js
Source map found for yaml-DxoKhhgK.js
Updated source map for yaml-DxoKhhgK.js
Source map found for zenscript-BnlCZFoB.js
Updated source map for zenscript-BnlCZFoB.js
Source map found for zig-CFukrmCJ.js
Updated source map for zig-CFukrmCJ.js
Source map processing complete
